[1219/193452.579:ERROR:process_memory_win.cc(73)] ReadMemory at 0x7ff6c0030000 of 64 bytes failed: Only part of a ReadProcessMemory or WriteProcessMemory request was completed. (0x12B)
[1219/193453.037:WARNING:pe_image_reader.cc(340)] could not read dos header from C:\Program Files (x86)\Google\Chrome\Application\chrome.exe
[1219/193453.037:ERROR:process_memory_win.cc(73)] ReadMemory at 0x7ff94bdc0000 of 64 bytes failed: Only part of a ReadProcessMemory or WriteProcessMemory request was completed. (0x12B)
[1219/193453.037:WARNING:pe_image_reader.cc(340)] could not read dos header from C:\WINDOWS\SYSTEM32\ntdll.dll
[1219/193453.037:ERROR:process_memory_win.cc(73)] ReadMemory at 0x7ff94a9c0000 of 64 bytes failed: Only part of a ReadProcessMemory or WriteProcessMemory request was completed. (0x12B)
[1219/193453.622:WARNING:pe_image_reader.cc(340)] could not read dos header from C:\WINDOWS\System32\KERNEL32.DLL
[1219/193453.622:ERROR:process_memory_win.cc(73)] ReadMemory at 0x7ff949840000 of 64 bytes failed: Only part of a ReadProcessMemory or WriteProcessMemory request was completed. (0x12B)
[1219/193453.622:WARNING:pe_image_reader.cc(340)] could not read dos header from C:\WINDOWS\System32\KERNELBASE.dll
[1219/193453.622:ERROR:process_memory_win.cc(73)] ReadMemory at 0x7ff8e7910000 of 64 bytes failed: Only part of a ReadProcessMemory or WriteProcessMemory request was completed. (0x12B)
[1219/193453.622:WARNING:pe_image_reader.cc(340)] could not read dos header from C:\Program Files (x86)\Google\Chrome\Application\79.0.3945.79\chrome_elf.dll
[1219/193453.622:ERROR:process_memory_win.cc(73)] ReadMemory at 0x7ff943220000 of 64 bytes failed: Only part of a ReadProcessMemory or WriteProcessMemory request was completed. (0x12B)
[1219/193453.622:WARNING:pe_image_reader.cc(340)] could not read dos header from C:\WINDOWS\SYSTEM32\VERSION.dll
[1219/193453.622:ERROR:process_memory_win.cc(73)] ReadMemory at 0x7ff94a540000 of 64 bytes failed: Only part of a ReadProcessMemory or WriteProcessMemory request was completed. (0x12B)
[1219/193453.622:WARNING:pe_image_reader.cc(340)] could not read dos header from C:\WINDOWS\System32\msvcrt.dll
[1219/193453.623:ERROR:process_memory_win.cc(73)] ReadMemory at 0x7ff948ea0000 of 64 bytes failed: Only part of a ReadProcessMemory or WriteProcessMemory request was completed. (0x12B)
[1219/193453.623:WARNING:pe_image_reader.cc(340)] could not read dos header from C:\WINDOWS\System32\bcryptPrimitives.dll
[1219/193453.623:ERROR:process_memory_win.cc(73)] ReadMemory at 0x7ff94a1b0000 of 64 bytes failed: Only part of a ReadProcessMemory or WriteProcessMemory request was completed. (0x12B)
[1219/193453.623:WARNING:pe_image_reader.cc(340)] could not read dos header from C:\WINDOWS\System32\ADVAPI32.dll
[1219/193453.623:ERROR:process_memory_win.cc(73)] ReadMemory at 0x7ff94a260000 of 64 bytes failed: Only part of a ReadProcessMemory or WriteProcessMemory request was completed. (0x12B)
[1219/193453.623:WARNING:pe_image_reader.cc(340)] could not read dos header from C:\WINDOWS\System32\sechost.dll
[1219/193453.623:ERROR:process_memory_win.cc(73)] ReadMemory at 0x7ff94a030000 of 64 bytes failed: Only part of a ReadProcessMemory or WriteProcessMemory request was completed. (0x12B)
[1219/193453.623:WARNING:pe_image_reader.cc(340)] could not read dos header from C:\WINDOWS\System32\RPCRT4.dll
[1219/193453.623:ERROR:process_memory_win.cc(73)] ReadMemory at 0x7ff8cf810000 of 64 bytes failed: Only part of a ReadProcessMemory or WriteProcessMemory request was completed. (0x12B)
[1219/193453.623:WARNING:pe_image_reader.cc(340)] could not read dos header from C:\Program Files (x86)\Google\Chrome\Application\79.0.3945.79\chrome_child.dll
[1219/193453.623:ERROR:process_memory_win.cc(73)] ReadMemory at 0x7ff94ab80000 of 64 bytes failed: Only part of a ReadProcessMemory or WriteProcessMemory request was completed. (0x12B)
[1219/193453.623:WARNING:pe_image_reader.cc(340)] could not read dos header from C:\WINDOWS\System32\OLEAUT32.dll
[1219/193453.623:ERROR:process_memory_win.cc(73)] ReadMemory at 0x7ff948ff0000 of 64 bytes failed: Only part of a ReadProcessMemory or WriteProcessMemory request was completed. (0x12B)
[1219/193453.623:WARNING:pe_image_reader.cc(340)] could not read dos header from C:\WINDOWS\System32\msvcp_win.dll
[1219/193453.623:ERROR:process_memory_win.cc(73)] ReadMemory at 0x7ff949bd0000 of 64 bytes failed: Only part of a ReadProcessMemory or WriteProcessMemory request was completed. (0x12B)
[1219/193453.623:WARNING:pe_image_reader.cc(340)] could not read dos header from C:\WINDOWS\System32\ucrtbase.dll
[1219/193453.623:ERROR:process_memory_win.cc(73)] ReadMemory at 0x7ff94ba10000 of 64 bytes failed: Only part of a ReadProcessMemory or WriteProcessMemory request was completed. (0x12B)
[1219/193453.623:WARNING:pe_image_reader.cc(340)] could not read dos header from C:\WINDOWS\System32\combase.dll
[1219/193453.623:ERROR:process_memory_win.cc(73)] ReadMemory at 0x7ff94a940000 of 64 bytes failed: Only part of a ReadProcessMemory or WriteProcessMemory request was completed. (0x12B)
[1219/193453.623:WARNING:pe_image_reader.cc(340)] could not read dos header from C:\WINDOWS\System32\WS2_32.dll
[1219/193453.623:ERROR:process_memory_win.cc(73)] ReadMemory at 0x7ff949b70000 of 64 bytes failed: Only part of a ReadProcessMemory or WriteProcessMemory request was completed. (0x12B)
[1219/193453.623:WARNING:pe_image_reader.cc(340)] could not read dos header from C:\WINDOWS\System32\WINTRUST.dll
[1219/193453.623:ERROR:process_memory_win.cc(73)] ReadMemory at 0x7ff948cc0000 of 64 bytes failed: Only part of a ReadProcessMemory or WriteProcessMemory request was completed. (0x12B)
[1219/193453.623:WARNING:pe_image_reader.cc(340)] could not read dos header from C:\WINDOWS\System32\MSASN1.dll
[1219/193453.623:ERROR:process_memory_win.cc(73)] ReadMemory at 0x7ff948d50000 of 64 bytes failed: Only part of a ReadProcessMemory or WriteProcessMemory request was completed. (0x12B)
[1219/193453.623:WARNING:pe_image_reader.cc(340)] could not read dos header from C:\WINDOWS\System32\CRYPT32.dll
[1219/193453.623:ERROR:process_memory_win.cc(73)] ReadMemory at 0x7ff948210000 of 64 bytes failed: Only part of a ReadProcessMemory or WriteProcessMemory request was completed. (0x12B)
[1219/193453.623:WARNING:pe_image_reader.cc(340)] could not read dos header from C:\WINDOWS\SYSTEM32\IPHLPAPI.DLL
[1219/193453.623:ERROR:process_memory_win.cc(73)] ReadMemory at 0x7ff944f20000 of 64 bytes failed: Only part of a ReadProcessMemory or WriteProcessMemory request was completed. (0x12B)
[1219/193453.623:WARNING:pe_image_reader.cc(340)] could not read dos header from C:\WINDOWS\SYSTEM32\WINMM.dll
[1219/193453.623:ERROR:process_memory_win.cc(73)] ReadMemory at 0x7ff948b80000 of 64 bytes failed: Only part of a ReadProcessMemory or WriteProcessMemory request was completed. (0x12B)
[1219/193453.623:WARNING:pe_image_reader.cc(340)] could not read dos header from C:\WINDOWS\SYSTEM32\USERENV.dll
[1219/193453.623:ERROR:process_memory_win.cc(73)] ReadMemory at 0x7ff948d30000 of 64 bytes failed: Only part of a ReadProcessMemory or WriteProcessMemory request was completed. (0x12B)
[1219/193453.623:WARNING:pe_image_reader.cc(340)] could not read dos header from C:\WINDOWS\System32\profapi.dll
[1219/193453.623:ERROR:process_memory_win.cc(73)] ReadMemory at 0x7ff92cc90000 of 64 bytes failed: Only part of a ReadProcessMemory or WriteProcessMemory request was completed. (0x12B)
[1219/193453.623:WARNING:pe_image_reader.cc(340)] could not read dos header from C:\WINDOWS\SYSTEM32\DWrite.dll
[1219/193453.623:ERROR:process_memory_win.cc(73)] ReadMemory at 0x7ff93f9c0000 of 64 bytes failed: Only part of a ReadProcessMemory or WriteProcessMemory request was completed. (0x12B)
[1219/193453.623:WARNING:pe_image_reader.cc(340)] could not read dos header from C:\WINDOWS\SYSTEM32\WINSPOOL.DRV
[1219/193453.623:ERROR:process_memory_win.cc(73)] ReadMemory at 0x7ff948ca0000 of 64 bytes failed: Only part of a ReadProcessMemory or WriteProcessMemory request was completed. (0x12B)
[1219/193453.623:WARNING:pe_image_reader.cc(340)] could not read dos header from C:\WINDOWS\System32\kernel.appcore.dll
[1219/193453.623:ERROR:process_memory_win.cc(73)] ReadMemory at 0x7ff949b40000 of 64 bytes failed: Only part of a ReadProcessMemory or WriteProcessMemory request was completed. (0x12B)
[1219/193453.623:WARNING:pe_image_reader.cc(340)] could not read dos header from C:\WINDOWS\System32\bcrypt.dll
[1219/193453.623:ERROR:process_memory_win.cc(73)] ReadMemory at 0x7ff938520000 of 64 bytes failed: Only part of a ReadProcessMemory or WriteProcessMemory request was completed. (0x12B)
[1219/193453.624:WARNING:pe_image_reader.cc(340)] could not read dos header from C:\WINDOWS\SYSTEM32\dbghelp.dll
[1219/193453.624:ERROR:process_memory_win.cc(73)] ReadMemory at 0x7ff9356e0000 of 64 bytes failed: Only part of a ReadProcessMemory or WriteProcessMemory request was completed. (0x12B)
[1219/193453.624:WARNING:pe_image_reader.cc(340)] could not read dos header from C:\WINDOWS\SYSTEM32\Secur32.dll
[1219/193453.624:ERROR:process_memory_win.cc(73)] ReadMemory at 0x7ff9400a0000 of 64 bytes failed: Only part of a ReadProcessMemory or WriteProcessMemory request was completed. (0x12B)
[1219/193453.624:WARNING:pe_image_reader.cc(340)] could not read dos header from C:\WINDOWS\SYSTEM32\WINHTTP.dll
[1219/193453.624:ERROR:process_memory_win.cc(73)] ReadMemory at 0x7ff941f20000 of 64 bytes failed: Only part of a ReadProcessMemory or WriteProcessMemory request was completed. (0x12B)
[1219/193453.624:WARNING:pe_image_reader.cc(340)] could not read dos header from C:\WINDOWS\SYSTEM32\dhcpcsvc.DLL
[1219/193453.624:ERROR:process_memory_win.cc(73)] ReadMemory at 0x7ff94b220000 of 64 bytes failed: Only part of a ReadProcessMemory or WriteProcessMemory request was completed. (0x12B)
[1219/193453.624:WARNING:pe_image_reader.cc(340)] could not read dos header from C:\WINDOWS\System32\NSI.dll
[1219/193453.624:ERROR:process_memory_win.cc(73)] ReadMemory at 0x7ff944ef0000 of 64 bytes failed: Only part of a ReadProcessMemory or WriteProcessMemory request was completed. (0x12B)
[1219/193453.624:WARNING:pe_image_reader.cc(340)] could not read dos header from C:\WINDOWS\SYSTEM32\WINMMBASE.dll
[1219/193453.624:ERROR:process_memory_win.cc(73)] ReadMemory at 0x7ff949af0000 of 64 bytes failed: Only part of a ReadProcessMemory or WriteProcessMemory request was completed. (0x12B)
[1219/193453.624:WARNING:pe_image_reader.cc(340)] could not read dos header from C:\WINDOWS\System32\cfgmgr32.dll
[1219/193453.624:ERROR:process_memory_win.cc(73)] ReadMemory at 0x7ff9453a0000 of 64 bytes failed: Only part of a ReadProcessMemory or WriteProcessMemory request was completed. (0x12B)
[1219/193453.624:WARNING:pe_image_reader.cc(340)] could not read dos header from C:\WINDOWS\SYSTEM32\PROPSYS.dll
[1219/193453.624:ERROR:process_memory_win.cc(73)] ReadMemory at 0x7ff94a490000 of 64 bytes failed: Only part of a ReadProcessMemory or WriteProcessMemory request was completed. (0x12B)
[1219/193453.624:WARNING:pe_image_reader.cc(340)] could not read dos header from C:\WINDOWS\System32\shcore.dll
[1219/193453.624:ERROR:process_memory_win.cc(73)] ReadMemory at 0x7ff948bb0000 of 64 bytes failed: Only part of a ReadProcessMemory or WriteProcessMemory request was completed. (0x12B)
[1219/193453.624:WARNING:pe_image_reader.cc(340)] could not read dos header from C:\WINDOWS\SYSTEM32\SSPICLI.DLL
[1219/193453.624:ERROR:process_memory_win.cc(73)] ReadMemory at 0x7ff9486d0000 of 64 bytes failed: Only part of a ReadProcessMemory or WriteProcessMemory request was completed. (0x12B)
[1219/193453.624:WARNING:pe_image_reader.cc(340)] could not read dos header from C:\WINDOWS\SYSTEM32\CRYPTBASE.DLL
[1219/193453.624:ERROR:process_memory_win.cc(73)] ReadMemory at 0x7ff6c0030000 of 64 bytes failed: Only part of a ReadProcessMemory or WriteProcessMemory request was completed. (0x12B)
[1219/193453.624:WARNING:pe_image_reader.cc(340)] could not read dos header from C:\Program Files (x86)\Google\Chrome\Application\chrome.exe
[1219/193453.624:ERROR:process_memory_win.cc(73)] ReadMemory at 0x7ff94bdc0000 of 64 bytes failed: Only part of a ReadProcessMemory or WriteProcessMemory request was completed. (0x12B)
[1219/193453.624:WARNING:pe_image_reader.cc(340)] could not read dos header from C:\WINDOWS\SYSTEM32\ntdll.dll
[1219/193453.624:ERROR:process_memory_win.cc(73)] ReadMemory at 0x7ff94a9c0000 of 64 bytes failed: Only part of a ReadProcessMemory or WriteProcessMemory request was completed. (0x12B)
[1219/193453.624:WARNING:pe_image_reader.cc(340)] could not read dos header from C:\WINDOWS\System32\KERNEL32.DLL
[1219/193453.624:ERROR:process_memory_win.cc(73)] ReadMemory at 0x7ff949840000 of 64 bytes failed: Only part of a ReadProcessMemory or WriteProcessMemory request was completed. (0x12B)
[1219/193453.624:WARNING:pe_image_reader.cc(340)] could not read dos header from C:\WINDOWS\System32\KERNELBASE.dll
[1219/193453.624:ERROR:process_memory_win.cc(73)] ReadMemory at 0x7ff8e7910000 of 64 bytes failed: Only part of a ReadProcessMemory or WriteProcessMemory request was completed. (0x12B)
[1219/193453.624:WARNING:pe_image_reader.cc(340)] could not read dos header from C:\Program Files (x86)\Google\Chrome\Application\79.0.3945.79\chrome_elf.dll
[1219/193453.624:ERROR:process_memory_win.cc(73)] ReadMemory at 0x7ff943220000 of 64 bytes failed: Only part of a ReadProcessMemory or WriteProcessMemory request was completed. (0x12B)
[1219/193453.624:WARNING:pe_image_reader.cc(340)] could not read dos header from C:\WINDOWS\SYSTEM32\VERSION.dll
[1219/193453.624:ERROR:process_memory_win.cc(73)] ReadMemory at 0x7ff94a540000 of 64 bytes failed: Only part of a ReadProcessMemory or WriteProcessMemory request was completed. (0x12B)
[1219/193453.624:WARNING:pe_image_reader.cc(340)] could not read dos header from C:\WINDOWS\System32\msvcrt.dll
[1219/193453.624:ERROR:process_memory_win.cc(73)] ReadMemory at 0x7ff948ea0000 of 64 bytes failed: Only part of a ReadProcessMemory or WriteProcessMemory request was completed. (0x12B)
[1219/193453.624:WARNING:pe_image_reader.cc(340)] could not read dos header from C:\WINDOWS\System32\bcryptPrimitives.dll
[1219/193453.624:ERROR:process_memory_win.cc(73)] ReadMemory at 0x7ff94a1b0000 of 64 bytes failed: Only part of a ReadProcessMemory or WriteProcessMemory request was completed. (0x12B)
[1219/193453.624:WARNING:pe_image_reader.cc(340)] could not read dos header from C:\WINDOWS\System32\ADVAPI32.dll
[1219/193453.624:ERROR:process_memory_win.cc(73)] ReadMemory at 0x7ff94a260000 of 64 bytes failed: Only part of a ReadProcessMemory or WriteProcessMemory request was completed. (0x12B)
[1219/193453.624:WARNING:pe_image_reader.cc(340)] could not read dos header from C:\WINDOWS\System32\sechost.dll
[1219/193453.624:ERROR:process_memory_win.cc(73)] ReadMemory at 0x7ff94a030000 of 64 bytes failed: Only part of a ReadProcessMemory or WriteProcessMemory request was completed. (0x12B)
[1219/193453.624:WARNING:pe_image_reader.cc(340)] could not read dos header from C:\WINDOWS\System32\RPCRT4.dll
[1219/193453.624:ERROR:process_memory_win.cc(73)] ReadMemory at 0x7ff8cf810000 of 64 bytes failed: Only part of a ReadProcessMemory or WriteProcessMemory request was completed. (0x12B)
[1219/193453.624:WARNING:pe_image_reader.cc(340)] could not read dos header from C:\Program Files (x86)\Google\Chrome\Application\79.0.3945.79\chrome_child.dll
[1219/193453.624:ERROR:process_memory_win.cc(73)] ReadMemory at 0x7ff94ab80000 of 64 bytes failed: Only part of a ReadProcessMemory or WriteProcessMemory request was completed. (0x12B)
[1219/193453.624:WARNING:pe_image_reader.cc(340)] could not read dos header from C:\WINDOWS\System32\OLEAUT32.dll
[1219/193453.624:ERROR:process_memory_win.cc(73)] ReadMemory at 0x7ff948ff0000 of 64 bytes failed: Only part of a ReadProcessMemory or WriteProcessMemory request was completed. (0x12B)
[1219/193453.624:WARNING:pe_image_reader.cc(340)] could not read dos header from C:\WINDOWS\System32\msvcp_win.dll
[1219/193453.625:ERROR:process_memory_win.cc(73)] ReadMemory at 0x7ff949bd0000 of 64 bytes failed: Only part of a ReadProcessMemory or WriteProcessMemory request was completed. (0x12B)
[1219/193453.625:WARNING:pe_image_reader.cc(340)] could not read dos header from C:\WINDOWS\System32\ucrtbase.dll
[1219/193453.625:ERROR:process_memory_win.cc(73)] ReadMemory at 0x7ff94ba10000 of 64 bytes failed: Only part of a ReadProcessMemory or WriteProcessMemory request was completed. (0x12B)
[1219/193453.625:WARNING:pe_image_reader.cc(340)] could not read dos header from C:\WINDOWS\System32\combase.dll
[1219/193453.625:ERROR:process_memory_win.cc(73)] ReadMemory at 0x7ff94a940000 of 64 bytes failed: Only part of a ReadProcessMemory or WriteProcessMemory request was completed. (0x12B)
[1219/193453.625:WARNING:pe_image_reader.cc(340)] could not read dos header from C:\WINDOWS\System32\WS2_32.dll
[1219/193453.625:ERROR:process_memory_win.cc(73)] ReadMemory at 0x7ff949b70000 of 64 bytes failed: Only part of a ReadProcessMemory or WriteProcessMemory request was completed. (0x12B)
[1219/193453.625:WARNING:pe_image_reader.cc(340)] could not read dos header from C:\WINDOWS\System32\WINTRUST.dll
[1219/193453.625:ERROR:process_memory_win.cc(73)] ReadMemory at 0x7ff948cc0000 of 64 bytes failed: Only part of a ReadProcessMemory or WriteProcessMemory request was completed. (0x12B)
[1219/193453.625:WARNING:pe_image_reader.cc(340)] could not read dos header from C:\WINDOWS\System32\MSASN1.dll
[1219/193453.625:ERROR:process_memory_win.cc(73)] ReadMemory at 0x7ff948d50000 of 64 bytes failed: Only part of a ReadProcessMemory or WriteProcessMemory request was completed. (0x12B)
[1219/193453.625:WARNING:pe_image_reader.cc(340)] could not read dos header from C:\WINDOWS\System32\CRYPT32.dll
[1219/193453.625:ERROR:process_memory_win.cc(73)] ReadMemory at 0x7ff948210000 of 64 bytes failed: Only part of a ReadProcessMemory or WriteProcessMemory request was completed. (0x12B)
[1219/193453.625:WARNING:pe_image_reader.cc(340)] could not read dos header from C:\WINDOWS\SYSTEM32\IPHLPAPI.DLL
[1219/193453.625:ERROR:process_memory_win.cc(73)] ReadMemory at 0x7ff944f20000 of 64 bytes failed: Only part of a ReadProcessMemory or WriteProcessMemory request was completed. (0x12B)
[1219/193453.625:WARNING:pe_image_reader.cc(340)] could not read dos header from C:\WINDOWS\SYSTEM32\WINMM.dll
[1219/193453.625:ERROR:process_memory_win.cc(73)] ReadMemory at 0x7ff948b80000 of 64 bytes failed: Only part of a ReadProcessMemory or WriteProcessMemory request was completed. (0x12B)
[1219/193453.625:WARNING:pe_image_reader.cc(340)] could not read dos header from C:\WINDOWS\SYSTEM32\USERENV.dll
[1219/193453.625:ERROR:process_memory_win.cc(73)] ReadMemory at 0x7ff948d30000 of 64 bytes failed: Only part of a ReadProcessMemory or WriteProcessMemory request was completed. (0x12B)
[1219/193453.625:WARNING:pe_image_reader.cc(340)] could not read dos header from C:\WINDOWS\System32\profapi.dll
[1219/193453.625:ERROR:process_memory_win.cc(73)] ReadMemory at 0x7ff92cc90000 of 64 bytes failed: Only part of a ReadProcessMemory or WriteProcessMemory request was completed. (0x12B)
[1219/193453.625:WARNING:pe_image_reader.cc(340)] could not read dos header from C:\WINDOWS\SYSTEM32\DWrite.dll
[1219/193453.625:ERROR:process_memory_win.cc(73)] ReadMemory at 0x7ff93f9c0000 of 64 bytes failed: Only part of a ReadProcessMemory or WriteProcessMemory request was completed. (0x12B)
[1219/193453.625:WARNING:pe_image_reader.cc(340)] could not read dos header from C:\WINDOWS\SYSTEM32\WINSPOOL.DRV
[1219/193453.625:ERROR:process_memory_win.cc(73)] ReadMemory at 0x7ff948ca0000 of 64 bytes failed: Only part of a ReadProcessMemory or WriteProcessMemory request was completed. (0x12B)
[1219/193453.625:WARNING:pe_image_reader.cc(340)] could not read dos header from C:\WINDOWS\System32\kernel.appcore.dll
[1219/193453.625:ERROR:process_memory_win.cc(73)] ReadMemory at 0x7ff949b40000 of 64 bytes failed: Only part of a ReadProcessMemory or WriteProcessMemory request was completed. (0x12B)
[1219/193453.625:WARNING:pe_image_reader.cc(340)] could not read dos header from C:\WINDOWS\System32\bcrypt.dll
[1219/193453.625:ERROR:process_memory_win.cc(73)] ReadMemory at 0x7ff938520000 of 64 bytes failed: Only part of a ReadProcessMemory or WriteProcessMemory request was completed. (0x12B)
[1219/193453.625:WARNING:pe_image_reader.cc(340)] could not read dos header from C:\WINDOWS\SYSTEM32\dbghelp.dll
[1219/193453.625:ERROR:process_memory_win.cc(73)] ReadMemory at 0x7ff9356e0000 of 64 bytes failed: Only part of a ReadProcessMemory or WriteProcessMemory request was completed. (0x12B)
[1219/193453.625:WARNING:pe_image_reader.cc(340)] could not read dos header from C:\WINDOWS\SYSTEM32\Secur32.dll
[1219/193453.625:ERROR:process_memory_win.cc(73)] ReadMemory at 0x7ff9400a0000 of 64 bytes failed: Only part of a ReadProcessMemory or WriteProcessMemory request was completed. (0x12B)
[1219/193453.625:WARNING:pe_image_reader.cc(340)] could not read dos header from C:\WINDOWS\SYSTEM32\WINHTTP.dll
[1219/193453.625:ERROR:process_memory_win.cc(73)] ReadMemory at 0x7ff941f20000 of 64 bytes failed: Only part of a ReadProcessMemory or WriteProcessMemory request was completed. (0x12B)
[1219/193453.625:WARNING:pe_image_reader.cc(340)] could not read dos header from C:\WINDOWS\SYSTEM32\dhcpcsvc.DLL
[1219/193453.625:ERROR:process_memory_win.cc(73)] ReadMemory at 0x7ff94b220000 of 64 bytes failed: Only part of a ReadProcessMemory or WriteProcessMemory request was completed. (0x12B)
[1219/193453.625:WARNING:pe_image_reader.cc(340)] could not read dos header from C:\WINDOWS\System32\NSI.dll
[1219/193453.625:ERROR:process_memory_win.cc(73)] ReadMemory at 0x7ff944ef0000 of 64 bytes failed: Only part of a ReadProcessMemory or WriteProcessMemory request was completed. (0x12B)
[1219/193453.625:WARNING:pe_image_reader.cc(340)] could not read dos header from C:\WINDOWS\SYSTEM32\WINMMBASE.dll
[1219/193453.625:ERROR:process_memory_win.cc(73)] ReadMemory at 0x7ff949af0000 of 64 bytes failed: Only part of a ReadProcessMemory or WriteProcessMemory request was completed. (0x12B)
[1219/193453.625:WARNING:pe_image_reader.cc(340)] could not read dos header from C:\WINDOWS\System32\cfgmgr32.dll
[1219/193453.625:ERROR:process_memory_win.cc(73)] ReadMemory at 0x7ff9453a0000 of 64 bytes failed: Only part of a ReadProcessMemory or WriteProcessMemory request was completed. (0x12B)
[1219/193453.625:WARNING:pe_image_reader.cc(340)] could not read dos header from C:\WINDOWS\SYSTEM32\PROPSYS.dll
[1219/193453.625:ERROR:process_memory_win.cc(73)] ReadMemory at 0x7ff94a490000 of 64 bytes failed: Only part of a ReadProcessMemory or WriteProcessMemory request was completed. (0x12B)
[1219/193453.625:WARNING:pe_image_reader.cc(340)] could not read dos header from C:\WINDOWS\System32\shcore.dll
[1219/193453.625:ERROR:process_memory_win.cc(73)] ReadMemory at 0x7ff948bb0000 of 64 bytes failed: Only part of a ReadProcessMemory or WriteProcessMemory request was completed. (0x12B)
[1219/193453.625:WARNING:pe_image_reader.cc(340)] could not read dos header from C:\WINDOWS\SYSTEM32\SSPICLI.DLL
[1219/193453.626:ERROR:process_memory_win.cc(73)] ReadMemory at 0x7ff9486d0000 of 64 bytes failed: Only part of a ReadProcessMemory or WriteProcessMemory request was completed. (0x12B)
[1219/193453.626:WARNING:pe_image_reader.cc(340)] could not read dos header from C:\WINDOWS\SYSTEM32\CRYPTBASE.DLL
[1219/193453.630:ERROR:process_memory_win.cc(73)] ReadMemory at 0x28091f5000 of 45056 bytes failed: Only part of a ReadProcessMemory or WriteProcessMemory request was completed. (0x12B)
[1219/193453.631:ERROR:process_memory_win.cc(73)] ReadMemory at 0x28099fd000 of 12288 bytes failed: Only part of a ReadProcessMemory or WriteProcessMemory request was completed. (0x12B)
[1219/193453.631:ERROR:process_memory_win.cc(73)] ReadMemory at 0x280a1fc000 of 16384 bytes failed: Only part of a ReadProcessMemory or WriteProcessMemory request was completed. (0x12B)
[1219/193453.631:ERROR:process_memory_win.cc(73)] ReadMemory at 0x280a9fc000 of 16384 bytes failed: Only part of a ReadProcessMemory or WriteProcessMemory request was completed. (0x12B)
[1219/193453.631:ERROR:process_memory_win.cc(73)] ReadMemory at 0x280b1fc000 of 16384 bytes failed: Only part of a ReadProcessMemory or WriteProcessMemory request was completed. (0x12B)
[1219/193453.631:ERROR:process_memory_win.cc(73)] ReadMemory at 0x280b9fe000 of 8192 bytes failed: Only part of a ReadProcessMemory or WriteProcessMemory request was completed. (0x12B)
[1219/193453.631:ERROR:process_memory_win.cc(73)] ReadMemory at 0x280c1fd000 of 12288 bytes failed: Only part of a ReadProcessMemory or WriteProcessMemory request was completed. (0x12B)
[1219/193453.631:ERROR:process_memory_win.cc(73)] ReadMemory at 0x280c9fc000 of 16384 bytes failed: Only part of a ReadProcessMemory or WriteProcessMemory request was completed. (0x12B)
[1219/193453.631:ERROR:process_memory_win.cc(73)] ReadMemory at 0x280d1fd000 of 12288 bytes failed: Only part of a ReadProcessMemory or WriteProcessMemory request was completed. (0x12B)
[1219/193453.631:ERROR:process_memory_win.cc(73)] ReadMemory at 0x280d9fd000 of 12288 bytes failed: Only part of a ReadProcessMemory or WriteProcessMemory request was completed. (0x12B)
[1219/193453.632:ERROR:process_memory_win.cc(73)] ReadMemory at 0x280e1fd000 of 12288 bytes failed: Only part of a ReadProcessMemory or WriteProcessMemory request was completed. (0x12B)
[1219/193453.632:ERROR:process_memory_win.cc(73)] ReadMemory at 0x280e9fd000 of 12288 bytes failed: Only part of a ReadProcessMemory or WriteProcessMemory request was completed. (0x12B)
[1219/193453.632:ERROR:process_memory_win.cc(73)] ReadMemory at 0x280f1fd000 of 12288 bytes failed: Only part of a ReadProcessMemory or WriteProcessMemory request was completed. (0x12B)
[1219/193453.632:ERROR:process_memory_win.cc(73)] ReadMemory at 0x280f9fd000 of 12288 bytes failed: Only part of a ReadProcessMemory or WriteProcessMemory request was completed. (0x12B)
[1219/193453.632:ERROR:process_memory_win.cc(73)] ReadMemory at 0x28101fd000 of 12288 bytes failed: Only part of a ReadProcessMemory or WriteProcessMemory request was completed. (0x12B)
[1219/193453.632:ERROR:process_memory_win.cc(73)] ReadMemory at 0x28109fd000 of 12288 bytes failed: Only part of a ReadProcessMemory or WriteProcessMemory request was completed. (0x12B)
[1219/193453.632:ERROR:process_memory_win.cc(73)] ReadMemory at 0x280894f000 of 852 bytes failed: Only part of a ReadProcessMemory or WriteProcessMemory request was completed. (0x12B)
[1219/193453.632:ERROR:process_memory_win.cc(73)] ReadMemory at 0x2808950000 of 6024 bytes failed: Only part of a ReadProcessMemory or WriteProcessMemory request was completed. (0x12B)
[1219/193453.632:ERROR:process_memory_win.cc(73)] ReadMemory at 0x2808952000 of 6024 bytes failed: Only part of a ReadProcessMemory or WriteProcessMemory request was completed. (0x12B)
[1219/193453.632:ERROR:process_memory_win.cc(73)] ReadMemory at 0x2808954000 of 6024 bytes failed: Only part of a ReadProcessMemory or WriteProcessMemory request was completed. (0x12B)
[1219/193453.633:ERROR:process_memory_win.cc(73)] ReadMemory at 0x2808956000 of 6024 bytes failed: Only part of a ReadProcessMemory or WriteProcessMemory request was completed. (0x12B)
[1219/193453.633:ERROR:process_memory_win.cc(73)] ReadMemory at 0x2808958000 of 6024 bytes failed: Only part of a ReadProcessMemory or WriteProcessMemory request was completed. (0x12B)
[1219/193453.633:ERROR:process_memory_win.cc(73)] ReadMemory at 0x280895a000 of 6024 bytes failed: Only part of a ReadProcessMemory or WriteProcessMemory request was completed. (0x12B)
[1219/193453.633:ERROR:process_memory_win.cc(73)] ReadMemory at 0x280895c000 of 6024 bytes failed: Only part of a ReadProcessMemory or WriteProcessMemory request was completed. (0x12B)
[1219/193453.633:ERROR:process_memory_win.cc(73)] ReadMemory at 0x280895e000 of 6024 bytes failed: Only part of a ReadProcessMemory or WriteProcessMemory request was completed. (0x12B)
[1219/193453.633:ERROR:process_memory_win.cc(73)] ReadMemory at 0x2808960000 of 6024 bytes failed: Only part of a ReadProcessMemory or WriteProcessMemory request was completed. (0x12B)
[1219/193453.633:ERROR:process_memory_win.cc(73)] ReadMemory at 0x2808962000 of 6024 bytes failed: Only part of a ReadProcessMemory or WriteProcessMemory request was completed. (0x12B)
[1219/193453.633:ERROR:process_memory_win.cc(73)] ReadMemory at 0x2808964000 of 6024 bytes failed: Only part of a ReadProcessMemory or WriteProcessMemory request was completed. (0x12B)
[1219/193453.633:ERROR:process_memory_win.cc(73)] ReadMemory at 0x2808966000 of 6024 bytes failed: Only part of a ReadProcessMemory or WriteProcessMemory request was completed. (0x12B)
[1219/193453.633:ERROR:process_memory_win.cc(73)] ReadMemory at 0x2808968000 of 6024 bytes failed: Only part of a ReadProcessMemory or WriteProcessMemory request was completed. (0x12B)
[1219/193453.633:ERROR:process_memory_win.cc(73)] ReadMemory at 0x280896a000 of 6024 bytes failed: Only part of a ReadProcessMemory or WriteProcessMemory request was completed. (0x12B)
[1219/193453.633:ERROR:process_memory_win.cc(73)] ReadMemory at 0x280896c000 of 6024 bytes failed: Only part of a ReadProcessMemory or WriteProcessMemory request was completed. (0x12B)
[1219/193453.633:ERROR:process_memory_win.cc(73)] ReadMemory at 0x280896e000 of 6024 bytes failed: Only part of a ReadProcessMemory or WriteProcessMemory request was completed. (0x12B)
[1219/193453.633:ERROR:process_memory_win.cc(73)] ReadMemory at 0x1c767960fe0 of 33840 bytes failed: Only part of a ReadProcessMemory or WriteProcessMemory request was completed. (0x12B)
[1219/193453.633:ERROR:process_memory_win.cc(73)] ReadMemory at 0x1c767969420 of 1012 bytes failed: Only part of a ReadProcessMemory or WriteProcessMemory request was completed. (0x12B)
[1219/193453.633:ERROR:process_memory_win.cc(73)] ReadMemory at 0x1c767969a68 of 118 bytes failed: Only part of a ReadProcessMemory or WriteProcessMemory request was completed. (0x12B)
[1219/193453.633:ERROR:process_memory_win.cc(73)] ReadMemory at 0x1c767969ae0 of 902 bytes failed: Only part of a ReadProcessMemory or WriteProcessMemory request was completed. (0x12B)
[1219/193453.634:ERROR:process_memory_win.cc(73)] ReadMemory at 0x1c767969e68 of 118 bytes failed: Only part of a ReadProcessMemory or WriteProcessMemory request was completed. (0x12B)
[1219/193453.634:ERROR:process_memory_win.cc(73)] ReadMemory at 0x1c767969ee0 of 96 bytes failed: Only part of a ReadProcessMemory or WriteProcessMemory request was completed. (0x12B)
[1219/193453.634:ERROR:process_memory_win.cc(73)] ReadMemory at 0x1c767969f50 of 58 bytes failed: Only part of a ReadProcessMemory or WriteProcessMemory request was completed. (0x12B)
[1219/193453.634:ERROR:process_memory_win.cc(73)] ReadMemory at 0x1c76796a050 of 132 bytes failed: Only part of a ReadProcessMemory or WriteProcessMemory request was completed. (0x12B)
[1219/193453.634:ERROR:process_memory_win.cc(73)] ReadMemory at 0x1c76796a1e0 of 132 bytes failed: Only part of a ReadProcessMemory or WriteProcessMemory request was completed. (0x12B)
[1219/193453.634:ERROR:process_memory_win.cc(73)] ReadMemory at 0x1c76796a3a0 of 124 bytes failed: Only part of a ReadProcessMemory or WriteProcessMemory request was completed. (0x12B)
[1219/193453.634:ERROR:process_memory_win.cc(73)] ReadMemory at 0x1c76796a780 of 132 bytes failed: Only part of a ReadProcessMemory or WriteProcessMemory request was completed. (0x12B)
[1219/193453.634:ERROR:process_memory_win.cc(73)] ReadMemory at 0x1c76796a910 of 64 bytes failed: Only part of a ReadProcessMemory or WriteProcessMemory request was completed. (0x12B)
[1219/193453.634:ERROR:process_memory_win.cc(73)] ReadMemory at 0x1c76796a960 of 132 bytes failed: Only part of a ReadProcessMemory or WriteProcessMemory request was completed. (0x12B)
[1219/193453.634:ERROR:process_memory_win.cc(73)] ReadMemory at 0x1c76796aad0 of 132 bytes failed: Only part of a ReadProcessMemory or WriteProcessMemory request was completed. (0x12B)
[1219/193453.634:ERROR:process_memory_win.cc(73)] ReadMemory at 0x1c76796ad70 of 132 bytes failed: Only part of a ReadProcessMemory or WriteProcessMemory request was completed. (0x12B)
[1219/193453.634:ERROR:process_memory_win.cc(73)] ReadMemory at 0x1c76796af00 of 68 bytes failed: Only part of a ReadProcessMemory or WriteProcessMemory request was completed. (0x12B)
[1219/193453.634:ERROR:process_memory_win.cc(73)] ReadMemory at 0x1c76796bfd0 of 132 bytes failed: Only part of a ReadProcessMemory or WriteProcessMemory request was completed. (0x12B)
[1219/193453.634:ERROR:process_memory_win.cc(73)] ReadMemory at 0x1c76796c160 of 152 bytes failed: Only part of a ReadProcessMemory or WriteProcessMemory request was completed. (0x12B)
[1219/193453.634:ERROR:process_memory_win.cc(73)] ReadMemory at 0x1c76796d010 of 62 bytes failed: Only part of a ReadProcessMemory or WriteProcessMemory request was completed. (0x12B)
[1219/193453.634:ERROR:process_memory_win.cc(73)] ReadMemory at 0x1c76796d060 of 156 bytes failed: Only part of a ReadProcessMemory or WriteProcessMemory request was completed. (0x12B)
[1219/193453.634:ERROR:process_memory_win.cc(73)] ReadMemory at 0x1c76796d140 of 132 bytes failed: Only part of a ReadProcessMemory or WriteProcessMemory request was completed. (0x12B)
[1219/193453.634:ERROR:process_memory_win.cc(73)] ReadMemory at 0x1c76796d2d0 of 60 bytes failed: Only part of a ReadProcessMemory or WriteProcessMemory request was completed. (0x12B)
[1219/193453.634:ERROR:process_memory_win.cc(73)] ReadMemory at 0x1c76796d49a of 512 bytes failed: Only part of a ReadProcessMemory or WriteProcessMemory request was completed. (0x12B)
[1219/193453.634:ERROR:process_memory_win.cc(73)] ReadMemory at 0x1c76796fae0 of 132 bytes failed: Only part of a ReadProcessMemory or WriteProcessMemory request was completed. (0x12B)
[1219/193453.634:ERROR:process_memory_win.cc(73)] ReadMemory at 0x1c76796fc70 of 80 bytes failed: Only part of a ReadProcessMemory or WriteProcessMemory request was completed. (0x12B)
[1219/193453.634:ERROR:process_memory_win.cc(73)] ReadMemory at 0x1c767972190 of 132 bytes failed: Only part of a ReadProcessMemory or WriteProcessMemory request was completed. (0x12B)
[1219/193453.634:ERROR:process_memory_win.cc(73)] ReadMemory at 0x1c7679723a0 of 132 bytes failed: Only part of a ReadProcessMemory or WriteProcessMemory request was completed. (0x12B)
[1219/193453.635:ERROR:process_memory_win.cc(73)] ReadMemory at 0x1c767972750 of 132 bytes failed: Only part of a ReadProcessMemory or WriteProcessMemory request was completed. (0x12B)
[1219/193453.635:ERROR:process_memory_win.cc(73)] ReadMemory at 0x1c7679769f0 of 54 bytes failed: Only part of a ReadProcessMemory or WriteProcessMemory request was completed. (0x12B)
[1219/193453.635:ERROR:process_memory_win.cc(73)] ReadMemory at 0x1c767978060 of 132 bytes failed: Only part of a ReadProcessMemory or WriteProcessMemory request was completed. (0x12B)
[1219/193453.635:ERROR:process_memory_win.cc(73)] ReadMemory at 0x1c767978190 of 132 bytes failed: Only part of a ReadProcessMemory or WriteProcessMemory request was completed. (0x12B)
[1219/193453.635:ERROR:process_memory_win.cc(73)] ReadMemory at 0x1c7679783f0 of 132 bytes failed: Only part of a ReadProcessMemory or WriteProcessMemory request was completed. (0x12B)
[1219/193453.635:ERROR:process_memory_win.cc(73)] ReadMemory at 0x1c767978520 of 132 bytes failed: Only part of a ReadProcessMemory or WriteProcessMemory request was completed. (0x12B)
[1219/193453.635:ERROR:process_memory_win.cc(73)] ReadMemory at 0x1c767978650 of 132 bytes failed: Only part of a ReadProcessMemory or WriteProcessMemory request was completed. (0x12B)
[1219/193453.635:ERROR:process_memory_win.cc(73)] ReadMemory at 0x1c767978780 of 132 bytes failed: Only part of a ReadProcessMemory or WriteProcessMemory request was completed. (0x12B)
[1219/193453.635:ERROR:process_memory_win.cc(73)] ReadMemory at 0x1c7679788b0 of 132 bytes failed: Only part of a ReadProcessMemory or WriteProcessMemory request was completed. (0x12B)
[1219/193453.635:ERROR:process_memory_win.cc(73)] ReadMemory at 0x1c7679789e0 of 132 bytes failed: Only part of a ReadProcessMemory or WriteProcessMemory request was completed. (0x12B)
[1219/193453.635:ERROR:process_memory_win.cc(73)] ReadMemory at 0x1c767978b10 of 132 bytes failed: Only part of a ReadProcessMemory or WriteProcessMemory request was completed. (0x12B)
[1219/193453.635:ERROR:process_memory_win.cc(73)] ReadMemory at 0x1c767978c40 of 132 bytes failed: Only part of a ReadProcessMemory or WriteProcessMemory request was completed. (0x12B)
[1219/193453.635:ERROR:process_memory_win.cc(73)] ReadMemory at 0x1c767978d70 of 132 bytes failed: Only part of a ReadProcessMemory or WriteProcessMemory request was completed. (0x12B)
[1219/193453.635:ERROR:process_memory_win.cc(73)] ReadMemory at 0x1c767978ea0 of 132 bytes failed: Only part of a ReadProcessMemory or WriteProcessMemory request was completed. (0x12B)
[1219/193453.635:ERROR:process_memory_win.cc(73)] ReadMemory at 0x1c767979aa0 of 64 bytes failed: Only part of a ReadProcessMemory or WriteProcessMemory request was completed. (0x12B)
[1219/193453.635:ERROR:process_memory_win.cc(73)] ReadMemory at 0x1c767979c80 of 64 bytes failed: Only part of a ReadProcessMemory or WriteProcessMemory request was completed. (0x12B)
[1219/193453.635:ERROR:process_memory_win.cc(73)] ReadMemory at 0x1c767979cd0 of 62 bytes failed: Only part of a ReadProcessMemory or WriteProcessMemory request was completed. (0x12B)
[1219/193453.635:ERROR:process_memory_win.cc(73)] ReadMemory at 0x1c767979d20 of 64 bytes failed: Only part of a ReadProcessMemory or WriteProcessMemory request was completed. (0x12B)
[1219/193453.636:ERROR:process_memory_win.cc(73)] ReadMemory at 0x1c767979d70 of 60 bytes failed: Only part of a ReadProcessMemory or WriteProcessMemory request was completed. (0x12B)
[1219/193453.636:ERROR:process_memory_win.cc(73)] ReadMemory at 0x1c767979e10 of 64 bytes failed: Only part of a ReadProcessMemory or WriteProcessMemory request was completed. (0x12B)
[1219/193453.636:ERROR:process_memory_win.cc(73)] ReadMemory at 0x1c767979f00 of 60 bytes failed: Only part of a ReadProcessMemory or WriteProcessMemory request was completed. (0x12B)
[1219/193453.636:ERROR:process_memory_win.cc(73)] ReadMemory at 0x1c767979fa0 of 60 bytes failed: Only part of a ReadProcessMemory or WriteProcessMemory request was completed. (0x12B)
[1219/193453.636:ERROR:process_memory_win.cc(73)] ReadMemory at 0x1c767979ff0 of 62 bytes failed: Only part of a ReadProcessMemory or WriteProcessMemory request was completed. (0x12B)
[1219/193453.636:ERROR:process_memory_win.cc(73)] ReadMemory at 0x1c76797a040 of 62 bytes failed: Only part of a ReadProcessMemory or WriteProcessMemory request was completed. (0x12B)
[1219/193453.636:ERROR:process_memory_win.cc(73)] ReadMemory at 0x1c76797a090 of 64 bytes failed: Only part of a ReadProcessMemory or WriteProcessMemory request was completed. (0x12B)
[1219/193453.636:ERROR:process_memory_win.cc(73)] ReadMemory at 0x1c76797a0e0 of 64 bytes failed: Only part of a ReadProcessMemory or WriteProcessMemory request was completed. (0x12B)
[1219/193453.636:ERROR:process_memory_win.cc(73)] ReadMemory at 0x1c76797a130 of 60 bytes failed: Only part of a ReadProcessMemory or WriteProcessMemory request was completed. (0x12B)
[1219/193453.636:ERROR:process_memory_win.cc(73)] ReadMemory at 0x1c76797a220 of 62 bytes failed: Only part of a ReadProcessMemory or WriteProcessMemory request was completed. (0x12B)
[1219/193453.636:ERROR:process_memory_win.cc(73)] ReadMemory at 0x1c76797a270 of 58 bytes failed: Only part of a ReadProcessMemory or WriteProcessMemory request was completed. (0x12B)
[1219/193453.636:ERROR:process_memory_win.cc(73)] ReadMemory at 0x1c76797a2c0 of 62 bytes failed: Only part of a ReadProcessMemory or WriteProcessMemory request was completed. (0x12B)
[1219/193453.636:ERROR:process_memory_win.cc(73)] ReadMemory at 0x1c76797a360 of 64 bytes failed: Only part of a ReadProcessMemory or WriteProcessMemory request was completed. (0x12B)
[1219/193453.636:ERROR:process_memory_win.cc(73)] ReadMemory at 0x1c76797a3b0 of 62 bytes failed: Only part of a ReadProcessMemory or WriteProcessMemory request was completed. (0x12B)
[1219/193453.636:ERROR:process_memory_win.cc(73)] ReadMemory at 0x1c76797a400 of 66 bytes failed: Only part of a ReadProcessMemory or WriteProcessMemory request was completed. (0x12B)
[1219/193453.636:ERROR:process_memory_win.cc(73)] ReadMemory at 0x1c76797a540 of 62 bytes failed: Only part of a ReadProcessMemory or WriteProcessMemory request was completed. (0x12B)
[1219/193453.636:ERROR:process_memory_win.cc(73)] ReadMemory at 0x1c76797a590 of 60 bytes failed: Only part of a ReadProcessMemory or WriteProcessMemory request was completed. (0x12B)
[1219/193453.636:ERROR:process_memory_win.cc(73)] ReadMemory at 0x1c76797a630 of 62 bytes failed: Only part of a ReadProcessMemory or WriteProcessMemory request was completed. (0x12B)
[1219/193453.636:ERROR:process_memory_win.cc(73)] ReadMemory at 0x1c76797a680 of 62 bytes failed: Only part of a ReadProcessMemory or WriteProcessMemory request was completed. (0x12B)
[1219/193453.636:ERROR:process_memory_win.cc(73)] ReadMemory at 0x1c76797a7c0 of 62 bytes failed: Only part of a ReadProcessMemory or WriteProcessMemory request was completed. (0x12B)
[1219/193453.637:ERROR:process_memory_win.cc(73)] ReadMemory at 0x1c76797a810 of 64 bytes failed: Only part of a ReadProcessMemory or WriteProcessMemory request was completed. (0x12B)
[1219/193453.637:ERROR:process_memory_win.cc(73)] ReadMemory at 0x1c76797a8b0 of 60 bytes failed: Only part of a ReadProcessMemory or WriteProcessMemory request was completed. (0x12B)
[1219/193453.637:ERROR:process_memory_win.cc(73)] ReadMemory at 0x1c76797a950 of 66 bytes failed: Only part of a ReadProcessMemory or WriteProcessMemory request was completed. (0x12B)
[1219/193453.637:ERROR:process_memory_win.cc(73)] ReadMemory at 0x1c76797c420 of 132 bytes failed: Only part of a ReadProcessMemory or WriteProcessMemory request was completed. (0x12B)
[1219/193453.637:ERROR:process_memory_win.cc(73)] ReadMemory at 0x1c76797db20 of 132 bytes failed: Only part of a ReadProcessMemory or WriteProcessMemory request was completed. (0x12B)
[1219/193453.637:ERROR:process_memory_win.cc(73)] ReadMemory at 0x1c76797de70 of 132 bytes failed: Only part of a ReadProcessMemory or WriteProcessMemory request was completed. (0x12B)
[1219/193453.637:ERROR:process_memory_win.cc(73)] ReadMemory at 0x1c76797e0e0 of 132 bytes failed: Only part of a ReadProcessMemory or WriteProcessMemory request was completed. (0x12B)
[1219/193453.637:ERROR:process_memory_win.cc(73)] ReadMemory at 0x1c767980a10 of 76 bytes failed: Only part of a ReadProcessMemory or WriteProcessMemory request was completed. (0x12B)
[1219/193453.637:ERROR:process_memory_win.cc(73)] ReadMemory at 0x1c767982e00 of 132 bytes failed: Only part of a ReadProcessMemory or WriteProcessMemory request was completed. (0x12B)
[1219/193453.637:ERROR:process_memory_win.cc(73)] ReadMemory at 0x1c767983280 of 132 bytes failed: Only part of a ReadProcessMemory or WriteProcessMemory request was completed. (0x12B)
[1219/193453.637:ERROR:process_memory_win.cc(73)] ReadMemory at 0x1c7679834e0 of 132 bytes failed: Only part of a ReadProcessMemory or WriteProcessMemory request was completed. (0x12B)
[1219/193453.637:ERROR:process_memory_win.cc(73)] ReadMemory at 0x1c767983740 of 132 bytes failed: Only part of a ReadProcessMemory or WriteProcessMemory request was completed. (0x12B)
[1219/193453.637:ERROR:process_memory_win.cc(73)] ReadMemory at 0x1c767983870 of 132 bytes failed: Only part of a ReadProcessMemory or WriteProcessMemory request was completed. (0x12B)
[1219/193453.637:ERROR:process_memory_win.cc(73)] ReadMemory at 0x1c767983d30 of 132 bytes failed: Only part of a ReadProcessMemory or WriteProcessMemory request was completed. (0x12B)
[1219/193453.637:ERROR:process_memory_win.cc(73)] ReadMemory at 0x1c7679841f0 of 132 bytes failed: Only part of a ReadProcessMemory or WriteProcessMemory request was completed. (0x12B)
[1219/193453.637:ERROR:process_memory_win.cc(73)] ReadMemory at 0x1c767984910 of 132 bytes failed: Only part of a ReadProcessMemory or WriteProcessMemory request was completed. (0x12B)
[1219/193453.637:ERROR:process_memory_win.cc(73)] ReadMemory at 0x1c767984a40 of 132 bytes failed: Only part of a ReadProcessMemory or WriteProcessMemory request was completed. (0x12B)
[1219/193453.638:ERROR:process_memory_win.cc(73)] ReadMemory at 0x1c767984b70 of 132 bytes failed: Only part of a ReadProcessMemory or WriteProcessMemory request was completed. (0x12B)
[1219/193453.638:ERROR:process_memory_win.cc(73)] ReadMemory at 0x1c7679932e0 of 512 bytes failed: Only part of a ReadProcessMemory or WriteProcessMemory request was completed. (0x12B)
[1219/193453.638:ERROR:process_memory_win.cc(73)] ReadMemory at 0x1c767999a60 of 512 bytes failed: Only part of a ReadProcessMemory or WriteProcessMemory request was completed. (0x12B)
[1219/193453.638:ERROR:process_memory_win.cc(73)] ReadMemory at 0x1c767cb1900 of 512 bytes failed: Only part of a ReadProcessMemory or WriteProcessMemory request was completed. (0x12B)
[1219/193453.638:ERROR:process_memory_win.cc(73)] ReadMemory at 0x1c767f9c2e0 of 512 bytes failed: Only part of a ReadProcessMemory or WriteProcessMemory request was completed. (0x12B)
[1219/193453.638:ERROR:process_memory_win.cc(73)] ReadMemory at 0x1c767fadca0 of 512 bytes failed: Only part of a ReadProcessMemory or WriteProcessMemory request was completed. (0x12B)
[1219/193453.638:ERROR:process_memory_win.cc(73)] ReadMemory at 0x1c767fadee0 of 512 bytes failed: Only part of a ReadProcessMemory or WriteProcessMemory request was completed. (0x12B)
[1219/193453.638:ERROR:process_memory_win.cc(73)] ReadMemory at 0x1c767fb3260 of 512 bytes failed: Only part of a ReadProcessMemory or WriteProcessMemory request was completed. (0x12B)
[1219/193453.638:ERROR:process_memory_win.cc(73)] ReadMemory at 0x1c767fb5b30 of 512 bytes failed: Only part of a ReadProcessMemory or WriteProcessMemory request was completed. (0x12B)
[1219/193453.638:ERROR:process_memory_win.cc(73)] ReadMemory at 0x1c767fb6d50 of 512 bytes failed: Only part of a ReadProcessMemory or WriteProcessMemory request was completed. (0x12B)
[1219/193453.638:ERROR:process_memory_win.cc(73)] ReadMemory at 0x1c767fb87d0 of 512 bytes failed: Only part of a ReadProcessMemory or WriteProcessMemory request was completed. (0x12B)
[1219/193453.638:ERROR:process_memory_win.cc(73)] ReadMemory at 0x1c767fc6e60 of 712 bytes failed: Only part of a ReadProcessMemory or WriteProcessMemory request was completed. (0x12B)
[1219/193453.638:ERROR:process_memory_win.cc(73)] ReadMemory at 0x1c769e87ec0 of 512 bytes failed: Only part of a ReadProcessMemory or WriteProcessMemory request was completed. (0x12B)
[1219/193453.638:ERROR:process_memory_win.cc(73)] ReadMemory at 0x1c769eaaf88 of 800 bytes failed: Only part of a ReadProcessMemory or WriteProcessMemory request was completed. (0x12B)
[1219/193453.638:ERROR:process_memory_win.cc(73)] ReadMemory at 0x1c769eabc78 of 512 bytes failed: Only part of a ReadProcessMemory or WriteProcessMemory request was completed. (0x12B)
[1219/193453.638:ERROR:process_memory_win.cc(73)] ReadMemory at 0x1c769eabf48 of 656 bytes failed: Only part of a ReadProcessMemory or WriteProcessMemory request was completed. (0x12B)
[1219/193453.638:ERROR:process_memory_win.cc(73)] ReadMemory at 0x1c76a2b6768 of 512 bytes failed: Only part of a ReadProcessMemory or WriteProcessMemory request was completed. (0x12B)
[1219/193453.639:ERROR:process_memory_win.cc(73)] ReadMemory at 0x1c76a301208 of 512 bytes failed: Only part of a ReadProcessMemory or WriteProcessMemory request was completed. (0x12B)
[1219/193453.639:ERROR:process_memory_win.cc(73)] ReadMemory at 0x7d4851a481f8 of 512 bytes failed: Only part of a ReadProcessMemory or WriteProcessMemory request was completed. (0x12B)
[1219/193453.639:ERROR:process_memory_win.cc(73)] ReadMemory at 0x7ff8cf8339cb of 512 bytes failed: Only part of a ReadProcessMemory or WriteProcessMemory request was completed. (0x12B)
[1219/193453.639:ERROR:process_memory_win.cc(73)] ReadMemory at 0x7ff8d12cee1c of 512 bytes failed: Only part of a ReadProcessMemory or WriteProcessMemory request was completed. (0x12B)
[1219/193453.639:ERROR:process_memory_win.cc(73)] ReadMemory at 0x7ff8d20bec61 of 512 bytes failed: Only part of a ReadProcessMemory or WriteProcessMemory request was completed. (0x12B)
[1219/193453.639:ERROR:process_memory_win.cc(73)] ReadMemory at 0x7ff8d49a0310 of 512 bytes failed: Only part of a ReadProcessMemory or WriteProcessMemory request was completed. (0x12B)
[1219/193453.639:ERROR:process_memory_win.cc(73)] ReadMemory at 0x7ff949aab6d0 of 512 bytes failed: Only part of a ReadProcessMemory or WriteProcessMemory request was completed. (0x12B)
[1219/193453.639:ERROR:process_memory_win.cc(73)] ReadMemory at 0x7ff94be5c0c4 of 672 bytes failed: Only part of a ReadProcessMemory or WriteProcessMemory request was completed. (0x12B)
[1219/193453.639:ERROR:process_memory_win.cc(73)] ReadMemory at 0x7ff94be5c6c4 of 512 bytes failed: Only part of a ReadProcessMemory or WriteProcessMemory request was completed. (0x12B)
[1219/193453.639:ERROR:process_memory_win.cc(73)] ReadMemory at 0x7ff94be5f974 of 608 bytes failed: Only part of a ReadProcessMemory or WriteProcessMemory request was completed. (0x12B)
[1219/193453.639:ERROR:process_memory_win.cc(73)] ReadMemory at 0x7ff94beec428 of 18 bytes failed: Only part of a ReadProcessMemory or WriteProcessMemory request was completed. (0x12B)
[1219/193453.639:ERROR:process_memory_win.cc(73)] ReadMemory at 0x7ff94bf1f4f8 of 40 bytes failed: Only part of a ReadProcessMemory or WriteProcessMemory request was completed. (0x12B)
[1219/193453.639:ERROR:process_memory_win.cc(73)] ReadMemory at 0x7ff94bf1f978 of 48 bytes failed: Only part of a ReadProcessMemory or WriteProcessMemory request was completed. (0x12B)
[1219/193453.639:ERROR:process_memory_win.cc(73)] ReadMemory at 0x7ff94bf253c0 of 64 bytes failed: Only part of a ReadProcessMemory or WriteProcessMemory request was completed. (0x12B)
[1219/193453.640:ERROR:scoped_process_suspend.cc(40)] NtResumeProcess: An attempt was made to access an exiting process. (0xc000010a)
